{
  "uid" : "649f60dc5f58ecfd",
  "name" : "dataColumnNameTest",
  "fullName" : "org.mytests.tests.example.DataTableTests.dataColumnNameTest",
  "historyId" : "3e2b9a218fbcf29bb860c5edf8da9a9e",
  "time" : {
    "start" : 1631006101834,
    "stop" : 1631006101834,
    "duration" : 0
  },
  "status" : "skipped",
  "statusMessage" : "[15:01.585] Can't get WebDriver: firefox",
  "statusTrace" : "java.lang.RuntimeException: [15:01.585] Can't get WebDriver: firefox\n\tat com.epam.jdi.light.common.Exceptions.exception(Exceptions.java:31)\n\tat com.epam.jdi.light.actions.ActionHelper.actionFailed(ActionHelper.java:383)\n\tat com.epam.jdi.tools.func.JFunc2.execute(JFunc2.java:19)\n\tat com.epam.jdi.light.actions.ActionProcessor.jdiAround(ActionProcessor.java:55)\n\tat com.epam.jdi.light.elements.composite.WebPage.open(WebPage.java:219)\n\tat org.mytests.tests.TestsInit.setUp(TestsInit.java:21)\n\tat java.base/jdk.internal.reflect.NativeMethodAccessorImpl.invoke0(Native Method)\n\tat java.base/jdk.internal.reflect.NativeMethodAccessorImpl.invoke(NativeMethodAccessorImpl.java:64)\n\tat java.base/jdk.internal.reflect.DelegatingMethodAccessorImpl.invoke(DelegatingMethodAccessorImpl.java:43)\n\tat java.base/java.lang.reflect.Method.invoke(Method.java:564)\n\tat org.testng.internal.MethodInvocationHelper.invokeMethod(MethodInvocationHelper.java:124)\n\tat org.testng.internal.MethodInvocationHelper.invokeMethodConsideringTimeout(MethodInvocationHelper.java:59)\n\tat org.testng.internal.Invoker.invokeConfigurationMethod(Invoker.java:458)\n\tat org.testng.internal.Invoker.invokeConfigurations(Invoker.java:222)\n\tat org.testng.internal.Invoker.invokeConfigurations(Invoker.java:142)\n\tat org.testng.SuiteRunner.privateRun(SuiteRunner.java:401)\n\tat org.testng.SuiteRunner.run(SuiteRunner.java:364)\n\tat org.testng.SuiteRunnerWorker.runSuite(SuiteRunnerWorker.java:52)\n\tat org.testng.SuiteRunnerWorker.run(SuiteRunnerWorker.java:84)\n\tat org.testng.TestNG.runSuitesSequentially(TestNG.java:1208)\n\tat org.testng.TestNG.runSuitesLocally(TestNG.java:1137)\n\tat org.testng.TestNG.runSuites(TestNG.java:1049)\n\tat org.testng.TestNG.run(TestNG.java:1017)\n\tat org.apache.maven.surefire.testng.TestNGExecutor.run(TestNGExecutor.java:283)\n\tat org.apache.maven.surefire.testng.TestNGXmlTestSuite.execute(TestNGXmlTestSuite.java:75)\n\tat org.apache.maven.surefire.testng.TestNGProvider.invoke(TestNGProvider.java:120)\n\tat org.apache.maven.surefire.booter.ForkedBooter.invokeProviderInSameClassLoader(ForkedBooter.java:379)\n\tat org.apache.maven.surefire.booter.ForkedBooter.runSuitesInProcess(ForkedBooter.java:340)\n\tat org.apache.maven.surefire.booter.ForkedBooter.execute(ForkedBooter.java:125)\n\tat org.apache.maven.surefire.booter.ForkedBooter.main(ForkedBooter.java:413)\nCaused by: java.lang.RuntimeException: java.lang.RuntimeException: Can't get WebDriver: firefox\n\tat com.epam.jdi.tools.func.JAction1.execute(JAction1.java:22)\n\tat com.epam.jdi.light.actions.ActionProcessor.jdiAround(ActionProcessor.java:46)\n\t... 26 more\nCaused by: java.lang.RuntimeException: Can't get WebDriver: firefox\n\tat com.epam.jdi.light.common.Exceptions.exception(Exceptions.java:31)\n\tat com.epam.jdi.light.driver.WebDriverFactory.getDriver(WebDriverFactory.java:207)\n\tat com.epam.jdi.light.elements.common.WindowsManager.getWindows(WindowsManager.java:26)\n\tat com.epam.jdi.light.actions.ActionHelper.processPage(ActionHelper.java:355)\n\tat com.epam.jdi.light.actions.ActionHelper.processBeforeAction(ActionHelper.java:221)\n\tat com.epam.jdi.light.actions.ActionHelper.beforeJdiAction(ActionHelper.java:205)\n\tat com.epam.jdi.tools.func.JAction1.execute(JAction1.java:20)\n\t... 27 more\nCaused by: java.lang.RuntimeException: Can't get WebDriver: firefox\n\tat com.epam.jdi.light.common.Exceptions.exception(Exceptions.java:31)\n\tat com.epam.jdi.light.driver.WebDriverFactory.getDriver(WebDriverFactory.java:215)\n\tat com.epam.jdi.light.driver.WebDriverFactory.getDriver(WebDriverFactory.java:205)\n\t... 32 more\nCaused by: java.lang.RuntimeException: java.lang.RuntimeException: Failed to run downloaded driver FIREFOX:X64:latest. Please check that your browser and driver are compatible or use local driver with 'drivers.folder' property in test.properties'.\nDriverPath: /home/runner/.cache/selenium/geckodriver/linux64/0.29.0/geckodriver\n\tat com.epam.jdi.tools.func.JFunc1.execute(JFunc1.java:21)\n\tat com.epam.jdi.light.driver.WebDriverFactory.getDriver(WebDriverFactory.java:213)\n\t... 33 more\nCaused by: java.lang.RuntimeException: Failed to run downloaded driver FIREFOX:X64:latest. Please check that your browser and driver are compatible or use local driver with 'drivers.folder' property in test.properties'.\nDriverPath: /home/runner/.cache/selenium/geckodriver/linux64/0.29.0/geckodriver\n\tat com.epam.jdi.light.common.Exceptions.exception(Exceptions.java:31)\n\tat com.epam.jdi.light.driver.WebDriverFactory.getDriverException(WebDriverFactory.java:136)\n\tat com.epam.jdi.light.driver.WebDriverFactory.getDriverByName(WebDriverFactory.java:120)\n\tat com.epam.jdi.tools.func.JFunc1.execute(JFunc1.java:19)\n\t... 34 more\nCaused by: java.lang.RuntimeException: Can't run and register new driver 'firefox'\n\tat com.epam.jdi.light.common.Exceptions.exception(Exceptions.java:31)\n\tat com.epam.jdi.light.driver.WebDriverFactory.registerNewDriver(WebDriverFactory.java:84)\n\tat com.epam.jdi.light.driver.WebDriverFactory.getDriverFromName(WebDriverFactory.java:151)\n\tat com.epam.jdi.light.driver.WebDriverFactory.getDriverByName(WebDriverFactory.java:118)\n\t... 35 more\nCaused by: java.lang.RuntimeException: \nFailed to get valid driver 'firefox'\n\tat com.epam.jdi.light.common.Exceptions.exception(Exceptions.java:16)\n\tat com.epam.jdi.light.driver.WebDriverFactory.getValidDriver(WebDriverFactory.java:107)\n\tat com.epam.jdi.light.driver.WebDriverFactory.registerNewDriver(WebDriverFactory.java:79)\n\t... 37 more\n",
  "flaky" : false,
  "newFailed" : false,
  "beforeStages" : [ {
    "name" : "setUp",
    "time" : {
      "start" : 1631006090985,
      "stop" : 1631006101590,
      "duration" : 10605
    },
    "description" : "",
    "status" : "broken",
    "statusMessage" : "[15:01.585] Can't get WebDriver: firefox",
    "statusTrace" : "java.lang.RuntimeException: [15:01.585] Can't get WebDriver: firefox\n\tat com.epam.jdi.light.common.Exceptions.exception(Exceptions.java:31)\n\tat com.epam.jdi.light.actions.ActionHelper.actionFailed(ActionHelper.java:383)\n\tat com.epam.jdi.tools.func.JFunc2.execute(JFunc2.java:19)\n\tat com.epam.jdi.light.actions.ActionProcessor.jdiAround(ActionProcessor.java:55)\n\tat com.epam.jdi.light.elements.composite.WebPage.open(WebPage.java:219)\n\tat org.mytests.tests.TestsInit.setUp(TestsInit.java:21)\n\tat java.base/jdk.internal.reflect.NativeMethodAccessorImpl.invoke0(Native Method)\n\tat java.base/jdk.internal.reflect.NativeMethodAccessorImpl.invoke(NativeMethodAccessorImpl.java:64)\n\tat java.base/jdk.internal.reflect.DelegatingMethodAccessorImpl.invoke(DelegatingMethodAccessorImpl.java:43)\n\tat java.base/java.lang.reflect.Method.invoke(Method.java:564)\n\tat org.testng.internal.MethodInvocationHelper.invokeMethod(MethodInvocationHelper.java:124)\n\tat org.testng.internal.MethodInvocationHelper.invokeMethodConsideringTimeout(MethodInvocationHelper.java:59)\n\tat org.testng.internal.Invoker.invokeConfigurationMethod(Invoker.java:458)\n\tat org.testng.internal.Invoker.invokeConfigurations(Invoker.java:222)\n\tat org.testng.internal.Invoker.invokeConfigurations(Invoker.java:142)\n\tat org.testng.SuiteRunner.privateRun(SuiteRunner.java:401)\n\tat org.testng.SuiteRunner.run(SuiteRunner.java:364)\n\tat org.testng.SuiteRunnerWorker.runSuite(SuiteRunnerWorker.java:52)\n\tat org.testng.SuiteRunnerWorker.run(SuiteRunnerWorker.java:84)\n\tat org.testng.TestNG.runSuitesSequentially(TestNG.java:1208)\n\tat org.testng.TestNG.runSuitesLocally(TestNG.java:1137)\n\tat org.testng.TestNG.runSuites(TestNG.java:1049)\n\tat org.testng.TestNG.run(TestNG.java:1017)\n\tat org.apache.maven.surefire.testng.TestNGExecutor.run(TestNGExecutor.java:283)\n\tat org.apache.maven.surefire.testng.TestNGXmlTestSuite.execute(TestNGXmlTestSuite.java:75)\n\tat org.apache.maven.surefire.testng.TestNGProvider.invoke(TestNGProvider.java:120)\n\tat org.apache.maven.surefire.booter.ForkedBooter.invokeProviderInSameClassLoader(ForkedBooter.java:379)\n\tat org.apache.maven.surefire.booter.ForkedBooter.runSuitesInProcess(ForkedBooter.java:340)\n\tat org.apache.maven.surefire.booter.ForkedBooter.execute(ForkedBooter.java:125)\n\tat org.apache.maven.surefire.booter.ForkedBooter.main(ForkedBooter.java:413)\nCaused by: java.lang.RuntimeException: java.lang.RuntimeException: Can't get WebDriver: firefox\n\tat com.epam.jdi.tools.func.JAction1.execute(JAction1.java:22)\n\tat com.epam.jdi.light.actions.ActionProcessor.jdiAround(ActionProcessor.java:46)\n\t... 26 more\nCaused by: java.lang.RuntimeException: Can't get WebDriver: firefox\n\tat com.epam.jdi.light.common.Exceptions.exception(Exceptions.java:31)\n\tat com.epam.jdi.light.driver.WebDriverFactory.getDriver(WebDriverFactory.java:207)\n\tat com.epam.jdi.light.elements.common.WindowsManager.getWindows(WindowsManager.java:26)\n\tat com.epam.jdi.light.actions.ActionHelper.processPage(ActionHelper.java:355)\n\tat com.epam.jdi.light.actions.ActionHelper.processBeforeAction(ActionHelper.java:221)\n\tat com.epam.jdi.light.actions.ActionHelper.beforeJdiAction(ActionHelper.java:205)\n\tat com.epam.jdi.tools.func.JAction1.execute(JAction1.java:20)\n\t... 27 more\nCaused by: java.lang.RuntimeException: Can't get WebDriver: firefox\n\tat com.epam.jdi.light.common.Exceptions.exception(Exceptions.java:31)\n\tat com.epam.jdi.light.driver.WebDriverFactory.getDriver(WebDriverFactory.java:215)\n\tat com.epam.jdi.light.driver.WebDriverFactory.getDriver(WebDriverFactory.java:205)\n\t... 32 more\nCaused by: java.lang.RuntimeException: java.lang.RuntimeException: Failed to run downloaded driver FIREFOX:X64:latest. Please check that your browser and driver are compatible or use local driver with 'drivers.folder' property in test.properties'.\nDriverPath: /home/runner/.cache/selenium/geckodriver/linux64/0.29.0/geckodriver\n\tat com.epam.jdi.tools.func.JFunc1.execute(JFunc1.java:21)\n\tat com.epam.jdi.light.driver.WebDriverFactory.getDriver(WebDriverFactory.java:213)\n\t... 33 more\nCaused by: java.lang.RuntimeException: Failed to run downloaded driver FIREFOX:X64:latest. Please check that your browser and driver are compatible or use local driver with 'drivers.folder' property in test.properties'.\nDriverPath: /home/runner/.cache/selenium/geckodriver/linux64/0.29.0/geckodriver\n\tat com.epam.jdi.light.common.Exceptions.exception(Exceptions.java:31)\n\tat com.epam.jdi.light.driver.WebDriverFactory.getDriverException(WebDriverFactory.java:136)\n\tat com.epam.jdi.light.driver.WebDriverFactory.getDriverByName(WebDriverFactory.java:120)\n\tat com.epam.jdi.tools.func.JFunc1.execute(JFunc1.java:19)\n\t... 34 more\nCaused by: java.lang.RuntimeException: Can't run and register new driver 'firefox'\n\tat com.epam.jdi.light.common.Exceptions.exception(Exceptions.java:31)\n\tat com.epam.jdi.light.driver.WebDriverFactory.registerNewDriver(WebDriverFactory.java:84)\n\tat com.epam.jdi.light.driver.WebDriverFactory.getDriverFromName(WebDriverFactory.java:151)\n\tat com.epam.jdi.light.driver.WebDriverFactory.getDriverByName(WebDriverFactory.java:118)\n\t... 35 more\nCaused by: java.lang.RuntimeException: \nFailed to get valid driver 'firefox'\n\tat com.epam.jdi.light.common.Exceptions.exception(Exceptions.java:16)\n\tat com.epam.jdi.light.driver.WebDriverFactory.getValidDriver(WebDriverFactory.java:107)\n\tat com.epam.jdi.light.driver.WebDriverFactory.registerNewDriver(WebDriverFactory.java:79)\n\t... 37 more\n",
    "steps" : [ {
      "name" : "Open 'Home Page'(url=https://jdi-testing.github.io/jdi-light/index.html)",
      "time" : {
        "start" : 1631006093434
      },
      "status" : "unknown",
      "steps" : [ ],
      "attachments" : [ {
        "uid" : "62c6f9d379d2b709",
        "name" : "Details",
        "source" : "62c6f9d379d2b709.html",
        "type" : "text/plain",
        "size" : 137
      } ],
      "parameters" : [ ],
      "stepsCount" : 0,
      "attachmentsCount" : 1,
      "shouldDisplayMessage" : false,
      "hasContent" : true
    } ],
    "attachments" : [ ],
    "parameters" : [ ],
    "stepsCount" : 1,
    "attachmentsCount" : 1,
    "shouldDisplayMessage" : true,
    "hasContent" : true
  } ],
  "afterStages" : [ {
    "name" : "tearDown",
    "time" : {
      "start" : 1631006102023,
      "stop" : 1631006102024,
      "duration" : 1
    },
    "description" : "",
    "status" : "passed",
    "steps" : [ ],
    "attachments" : [ ],
    "parameters" : [ ],
    "stepsCount" : 0,
    "attachmentsCount" : 0,
    "shouldDisplayMessage" : false,
    "hasContent" : false
  } ],
  "labels" : [ {
    "name" : "package",
    "value" : "org.mytests.tests.example.DataTableTests"
  }, {
    "name" : "testClass",
    "value" : "org.mytests.tests.example.DataTableTests"
  }, {
    "name" : "testMethod",
    "value" : "dataColumnNameTest"
  }, {
    "name" : "parentSuite",
    "value" : "Test suite"
  }, {
    "name" : "suite",
    "value" : "Tests"
  }, {
    "name" : "subSuite",
    "value" : "org.mytests.tests.example.DataTableTests"
  }, {
    "name" : "host",
    "value" : "fv-az72-646"
  }, {
    "name" : "thread",
    "value" : "4247@fv-az72-646.TestNG-test=Tests-3(66)"
  }, {
    "name" : "framework",
    "value" : "testng"
  }, {
    "name" : "language",
    "value" : "java"
  }, {
    "name" : "resultFormat",
    "value" : "allure2"
  } ],
  "parameters" : [ ],
  "links" : [ ],
  "hidden" : false,
  "retry" : false,
  "extra" : {
    "severity" : "normal",
    "retries" : [ ],
    "categories" : [ ],
    "history" : {
      "statistic" : {
        "failed" : 0,
        "broken" : 0,
        "skipped" : 8,
        "passed" : 0,
        "unknown" : 0,
        "total" : 8
      },
      "items" : [ {
        "uid" : "def3861d3f833ca5",
        "reportUrl" : "https://jdi-templates.github.io/jdi-light-saucelabs/1//#testresult/def3861d3f833ca5",
        "status" : "skipped",
        "statusDetails" : "[12:46.441] Can't get WebDriver: firefox",
        "time" : {
          "start" : 1631005966744,
          "stop" : 1631005966744,
          "duration" : 0
        }
      }, {
        "uid" : "6b79a9718edcf01f",
        "reportUrl" : "https://jdi-templates.github.io/jdi-light-saucelabs/1//#testresult/6b79a9718edcf01f",
        "status" : "skipped",
        "statusDetails" : "[10:39.778] Can't get WebDriver: firefox",
        "time" : {
          "start" : 1631005840009,
          "stop" : 1631005840009,
          "duration" : 0
        }
      }, {
        "uid" : "58856c73cfe90c5d",
        "reportUrl" : "https://jdi-templates.github.io/jdi-light-saucelabs/1//#testresult/58856c73cfe90c5d",
        "status" : "skipped",
        "statusDetails" : "[08:35.531] Can't get WebDriver: firefox",
        "time" : {
          "start" : 1631005715806,
          "stop" : 1631005715806,
          "duration" : 0
        }
      }, {
        "uid" : "f4574a57451cc0a0",
        "reportUrl" : "https://jdi-templates.github.io/jdi-light-saucelabs/1//#testresult/f4574a57451cc0a0",
        "status" : "skipped",
        "statusDetails" : "[06:15.251] Can't get WebDriver: firefox",
        "time" : {
          "start" : 1631005575539,
          "stop" : 1631005575539,
          "duration" : 0
        }
      }, {
        "uid" : "c6f43ce6045308b6",
        "reportUrl" : "https://jdi-templates.github.io/jdi-light-saucelabs/1//#testresult/c6f43ce6045308b6",
        "status" : "skipped",
        "statusDetails" : "[03:56.727] Can't get WebDriver: firefox",
        "time" : {
          "start" : 1631005436979,
          "stop" : 1631005436979,
          "duration" : 0
        }
      }, {
        "uid" : "e0e08c95b1048f31",
        "reportUrl" : "https://jdi-templates.github.io/jdi-light-saucelabs/1//#testresult/e0e08c95b1048f31",
        "status" : "skipped",
        "statusDetails" : "[01:03.735] Can't get WebDriver: firefox",
        "time" : {
          "start" : 1631005264016,
          "stop" : 1631005264017,
          "duration" : 1
        }
      }, {
        "uid" : "45ba7559f849fd7d",
        "reportUrl" : "https://jdi-templates.github.io/jdi-light-saucelabs/1//#testresult/45ba7559f849fd7d",
        "status" : "skipped",
        "statusDetails" : "[58:11.134] Can't get WebDriver: firefox",
        "time" : {
          "start" : 1631005091379,
          "stop" : 1631005091379,
          "duration" : 0
        }
      } ]
    },
    "tags" : [ ]
  },
  "source" : "649f60dc5f58ecfd.json",
  "parameterValues" : [ ]
}