{
  "uid" : "c91cd64cd296676f",
  "name" : "dataColumnTestIndex",
  "fullName" : "org.mytests.tests.example.DataTableTests.dataColumnTestIndex",
  "historyId" : "39286a3b68e5f5299209f9e855f6d9dd",
  "time" : {
    "start" : 1631005575547,
    "stop" : 1631005575547,
    "duration" : 0
  },
  "status" : "skipped",
  "statusMessage" : "[06:15.251] Can't get WebDriver: firefox",
  "statusTrace" : "java.lang.RuntimeException: [06:15.251] Can't get WebDriver: firefox\n\tat com.epam.jdi.light.common.Exceptions.exception(Exceptions.java:31)\n\tat com.epam.jdi.light.actions.ActionHelper.actionFailed(ActionHelper.java:383)\n\tat com.epam.jdi.tools.func.JFunc2.execute(JFunc2.java:19)\n\tat com.epam.jdi.light.actions.ActionProcessor.jdiAround(ActionProcessor.java:55)\n\tat com.epam.jdi.light.elements.composite.WebPage.open(WebPage.java:219)\n\tat org.mytests.tests.TestsInit.setUp(TestsInit.java:21)\n\tat java.base/jdk.internal.reflect.NativeMethodAccessorImpl.invoke0(Native Method)\n\tat java.base/jdk.internal.reflect.NativeMethodAccessorImpl.invoke(NativeMethodAccessorImpl.java:62)\n\tat java.base/jdk.internal.reflect.DelegatingMethodAccessorImpl.invoke(DelegatingMethodAccessorImpl.java:43)\n\tat java.base/java.lang.reflect.Method.invoke(Method.java:566)\n\tat org.testng.internal.MethodInvocationHelper.invokeMethod(MethodInvocationHelper.java:124)\n\tat org.testng.internal.MethodInvocationHelper.invokeMethodConsideringTimeout(MethodInvocationHelper.java:59)\n\tat org.testng.internal.Invoker.invokeConfigurationMethod(Invoker.java:458)\n\tat org.testng.internal.Invoker.invokeConfigurations(Invoker.java:222)\n\tat org.testng.internal.Invoker.invokeConfigurations(Invoker.java:142)\n\tat org.testng.SuiteRunner.privateRun(SuiteRunner.java:401)\n\tat org.testng.SuiteRunner.run(SuiteRunner.java:364)\n\tat org.testng.SuiteRunnerWorker.runSuite(SuiteRunnerWorker.java:52)\n\tat org.testng.SuiteRunnerWorker.run(SuiteRunnerWorker.java:84)\n\tat org.testng.TestNG.runSuitesSequentially(TestNG.java:1208)\n\tat org.testng.TestNG.runSuitesLocally(TestNG.java:1137)\n\tat org.testng.TestNG.runSuites(TestNG.java:1049)\n\tat org.testng.TestNG.run(TestNG.java:1017)\n\tat org.apache.maven.surefire.testng.TestNGExecutor.run(TestNGExecutor.java:283)\n\tat org.apache.maven.surefire.testng.TestNGXmlTestSuite.execute(TestNGXmlTestSuite.java:75)\n\tat org.apache.maven.surefire.testng.TestNGProvider.invoke(TestNGProvider.java:120)\n\tat org.apache.maven.surefire.booter.ForkedBooter.invokeProviderInSameClassLoader(ForkedBooter.java:379)\n\tat org.apache.maven.surefire.booter.ForkedBooter.runSuitesInProcess(ForkedBooter.java:340)\n\tat org.apache.maven.surefire.booter.ForkedBooter.execute(ForkedBooter.java:125)\n\tat org.apache.maven.surefire.booter.ForkedBooter.main(ForkedBooter.java:413)\nCaused by: java.lang.RuntimeException: java.lang.RuntimeException: Can't get WebDriver: firefox\n\tat com.epam.jdi.tools.func.JAction1.execute(JAction1.java:22)\n\tat com.epam.jdi.light.actions.ActionProcessor.jdiAround(ActionProcessor.java:46)\n\t... 26 more\nCaused by: java.lang.RuntimeException: Can't get WebDriver: firefox\n\tat com.epam.jdi.light.common.Exceptions.exception(Exceptions.java:31)\n\tat com.epam.jdi.light.driver.WebDriverFactory.getDriver(WebDriverFactory.java:207)\n\tat com.epam.jdi.light.elements.common.WindowsManager.getWindows(WindowsManager.java:26)\n\tat com.epam.jdi.light.actions.ActionHelper.processPage(ActionHelper.java:355)\n\tat com.epam.jdi.light.actions.ActionHelper.processBeforeAction(ActionHelper.java:221)\n\tat com.epam.jdi.light.actions.ActionHelper.beforeJdiAction(ActionHelper.java:205)\n\tat com.epam.jdi.tools.func.JAction1.execute(JAction1.java:20)\n\t... 27 more\nCaused by: java.lang.RuntimeException: Can't get WebDriver: firefox\n\tat com.epam.jdi.light.common.Exceptions.exception(Exceptions.java:31)\n\tat com.epam.jdi.light.driver.WebDriverFactory.getDriver(WebDriverFactory.java:215)\n\tat com.epam.jdi.light.driver.WebDriverFactory.getDriver(WebDriverFactory.java:205)\n\t... 32 more\nCaused by: java.lang.RuntimeException: java.lang.RuntimeException: Failed to run downloaded driver FIREFOX:X64:latest. Please check that your browser and driver are compatible or use local driver with 'drivers.folder' property in test.properties'.\nDriverPath: /home/runner/.cache/selenium/geckodriver/linux64/0.29.0/geckodriver\n\tat com.epam.jdi.tools.func.JFunc1.execute(JFunc1.java:21)\n\tat com.epam.jdi.light.driver.WebDriverFactory.getDriver(WebDriverFactory.java:213)\n\t... 33 more\nCaused by: java.lang.RuntimeException: Failed to run downloaded driver FIREFOX:X64:latest. Please check that your browser and driver are compatible or use local driver with 'drivers.folder' property in test.properties'.\nDriverPath: /home/runner/.cache/selenium/geckodriver/linux64/0.29.0/geckodriver\n\tat com.epam.jdi.light.common.Exceptions.exception(Exceptions.java:31)\n\tat com.epam.jdi.light.driver.WebDriverFactory.getDriverException(WebDriverFactory.java:136)\n\tat com.epam.jdi.light.driver.WebDriverFactory.getDriverByName(WebDriverFactory.java:120)\n\tat com.epam.jdi.tools.func.JFunc1.execute(JFunc1.java:19)\n\t... 34 more\nCaused by: java.lang.RuntimeException: Can't run and register new driver 'firefox'\n\tat com.epam.jdi.light.common.Exceptions.exception(Exceptions.java:31)\n\tat com.epam.jdi.light.driver.WebDriverFactory.registerNewDriver(WebDriverFactory.java:84)\n\tat com.epam.jdi.light.driver.WebDriverFactory.getDriverFromName(WebDriverFactory.java:151)\n\tat com.epam.jdi.light.driver.WebDriverFactory.getDriverByName(WebDriverFactory.java:118)\n\t... 35 more\nCaused by: java.lang.RuntimeException: \nFailed to get valid driver 'firefox'\n\tat com.epam.jdi.light.common.Exceptions.exception(Exceptions.java:16)\n\tat com.epam.jdi.light.driver.WebDriverFactory.getValidDriver(WebDriverFactory.java:107)\n\tat com.epam.jdi.light.driver.WebDriverFactory.registerNewDriver(WebDriverFactory.java:79)\n\t... 37 more\n",
  "flaky" : false,
  "newFailed" : false,
  "beforeStages" : [ {
    "name" : "setUp",
    "time" : {
      "start" : 1631005563194,
      "stop" : 1631005575258,
      "duration" : 12064
    },
    "description" : "",
    "status" : "broken",
    "statusMessage" : "[06:15.251] Can't get WebDriver: firefox",
    "statusTrace" : "java.lang.RuntimeException: [06:15.251] Can't get WebDriver: firefox\n\tat com.epam.jdi.light.common.Exceptions.exception(Exceptions.java:31)\n\tat com.epam.jdi.light.actions.ActionHelper.actionFailed(ActionHelper.java:383)\n\tat com.epam.jdi.tools.func.JFunc2.execute(JFunc2.java:19)\n\tat com.epam.jdi.light.actions.ActionProcessor.jdiAround(ActionProcessor.java:55)\n\tat com.epam.jdi.light.elements.composite.WebPage.open(WebPage.java:219)\n\tat org.mytests.tests.TestsInit.setUp(TestsInit.java:21)\n\tat java.base/jdk.internal.reflect.NativeMethodAccessorImpl.invoke0(Native Method)\n\tat java.base/jdk.internal.reflect.NativeMethodAccessorImpl.invoke(NativeMethodAccessorImpl.java:62)\n\tat java.base/jdk.internal.reflect.DelegatingMethodAccessorImpl.invoke(DelegatingMethodAccessorImpl.java:43)\n\tat java.base/java.lang.reflect.Method.invoke(Method.java:566)\n\tat org.testng.internal.MethodInvocationHelper.invokeMethod(MethodInvocationHelper.java:124)\n\tat org.testng.internal.MethodInvocationHelper.invokeMethodConsideringTimeout(MethodInvocationHelper.java:59)\n\tat org.testng.internal.Invoker.invokeConfigurationMethod(Invoker.java:458)\n\tat org.testng.internal.Invoker.invokeConfigurations(Invoker.java:222)\n\tat org.testng.internal.Invoker.invokeConfigurations(Invoker.java:142)\n\tat org.testng.SuiteRunner.privateRun(SuiteRunner.java:401)\n\tat org.testng.SuiteRunner.run(SuiteRunner.java:364)\n\tat org.testng.SuiteRunnerWorker.runSuite(SuiteRunnerWorker.java:52)\n\tat org.testng.SuiteRunnerWorker.run(SuiteRunnerWorker.java:84)\n\tat org.testng.TestNG.runSuitesSequentially(TestNG.java:1208)\n\tat org.testng.TestNG.runSuitesLocally(TestNG.java:1137)\n\tat org.testng.TestNG.runSuites(TestNG.java:1049)\n\tat org.testng.TestNG.run(TestNG.java:1017)\n\tat org.apache.maven.surefire.testng.TestNGExecutor.run(TestNGExecutor.java:283)\n\tat org.apache.maven.surefire.testng.TestNGXmlTestSuite.execute(TestNGXmlTestSuite.java:75)\n\tat org.apache.maven.surefire.testng.TestNGProvider.invoke(TestNGProvider.java:120)\n\tat org.apache.maven.surefire.booter.ForkedBooter.invokeProviderInSameClassLoader(ForkedBooter.java:379)\n\tat org.apache.maven.surefire.booter.ForkedBooter.runSuitesInProcess(ForkedBooter.java:340)\n\tat org.apache.maven.surefire.booter.ForkedBooter.execute(ForkedBooter.java:125)\n\tat org.apache.maven.surefire.booter.ForkedBooter.main(ForkedBooter.java:413)\nCaused by: java.lang.RuntimeException: java.lang.RuntimeException: Can't get WebDriver: firefox\n\tat com.epam.jdi.tools.func.JAction1.execute(JAction1.java:22)\n\tat com.epam.jdi.light.actions.ActionProcessor.jdiAround(ActionProcessor.java:46)\n\t... 26 more\nCaused by: java.lang.RuntimeException: Can't get WebDriver: firefox\n\tat com.epam.jdi.light.common.Exceptions.exception(Exceptions.java:31)\n\tat com.epam.jdi.light.driver.WebDriverFactory.getDriver(WebDriverFactory.java:207)\n\tat com.epam.jdi.light.elements.common.WindowsManager.getWindows(WindowsManager.java:26)\n\tat com.epam.jdi.light.actions.ActionHelper.processPage(ActionHelper.java:355)\n\tat com.epam.jdi.light.actions.ActionHelper.processBeforeAction(ActionHelper.java:221)\n\tat com.epam.jdi.light.actions.ActionHelper.beforeJdiAction(ActionHelper.java:205)\n\tat com.epam.jdi.tools.func.JAction1.execute(JAction1.java:20)\n\t... 27 more\nCaused by: java.lang.RuntimeException: Can't get WebDriver: firefox\n\tat com.epam.jdi.light.common.Exceptions.exception(Exceptions.java:31)\n\tat com.epam.jdi.light.driver.WebDriverFactory.getDriver(WebDriverFactory.java:215)\n\tat com.epam.jdi.light.driver.WebDriverFactory.getDriver(WebDriverFactory.java:205)\n\t... 32 more\nCaused by: java.lang.RuntimeException: java.lang.RuntimeException: Failed to run downloaded driver FIREFOX:X64:latest. Please check that your browser and driver are compatible or use local driver with 'drivers.folder' property in test.properties'.\nDriverPath: /home/runner/.cache/selenium/geckodriver/linux64/0.29.0/geckodriver\n\tat com.epam.jdi.tools.func.JFunc1.execute(JFunc1.java:21)\n\tat com.epam.jdi.light.driver.WebDriverFactory.getDriver(WebDriverFactory.java:213)\n\t... 33 more\nCaused by: java.lang.RuntimeException: Failed to run downloaded driver FIREFOX:X64:latest. Please check that your browser and driver are compatible or use local driver with 'drivers.folder' property in test.properties'.\nDriverPath: /home/runner/.cache/selenium/geckodriver/linux64/0.29.0/geckodriver\n\tat com.epam.jdi.light.common.Exceptions.exception(Exceptions.java:31)\n\tat com.epam.jdi.light.driver.WebDriverFactory.getDriverException(WebDriverFactory.java:136)\n\tat com.epam.jdi.light.driver.WebDriverFactory.getDriverByName(WebDriverFactory.java:120)\n\tat com.epam.jdi.tools.func.JFunc1.execute(JFunc1.java:19)\n\t... 34 more\nCaused by: java.lang.RuntimeException: Can't run and register new driver 'firefox'\n\tat com.epam.jdi.light.common.Exceptions.exception(Exceptions.java:31)\n\tat com.epam.jdi.light.driver.WebDriverFactory.registerNewDriver(WebDriverFactory.java:84)\n\tat com.epam.jdi.light.driver.WebDriverFactory.getDriverFromName(WebDriverFactory.java:151)\n\tat com.epam.jdi.light.driver.WebDriverFactory.getDriverByName(WebDriverFactory.java:118)\n\t... 35 more\nCaused by: java.lang.RuntimeException: \nFailed to get valid driver 'firefox'\n\tat com.epam.jdi.light.common.Exceptions.exception(Exceptions.java:16)\n\tat com.epam.jdi.light.driver.WebDriverFactory.getValidDriver(WebDriverFactory.java:107)\n\tat com.epam.jdi.light.driver.WebDriverFactory.registerNewDriver(WebDriverFactory.java:79)\n\t... 37 more\n",
    "steps" : [ {
      "name" : "Open 'Home Page'(url=https://jdi-testing.github.io/jdi-light/index.html)",
      "time" : {
        "start" : 1631005565442
      },
      "status" : "unknown",
      "steps" : [ ],
      "attachments" : [ {
        "uid" : "49638c847a3bf0f5",
        "name" : "Details",
        "source" : "49638c847a3bf0f5.html",
        "type" : "text/plain",
        "size" : 137
      } ],
      "parameters" : [ ],
      "stepsCount" : 0,
      "attachmentsCount" : 1,
      "shouldDisplayMessage" : false,
      "hasContent" : true
    } ],
    "attachments" : [ ],
    "parameters" : [ ],
    "stepsCount" : 1,
    "attachmentsCount" : 1,
    "shouldDisplayMessage" : true,
    "hasContent" : true
  } ],
  "afterStages" : [ {
    "name" : "tearDown",
    "time" : {
      "start" : 1631005575728,
      "stop" : 1631005575728,
      "duration" : 0
    },
    "description" : "",
    "status" : "passed",
    "steps" : [ ],
    "attachments" : [ ],
    "parameters" : [ ],
    "stepsCount" : 0,
    "attachmentsCount" : 0,
    "shouldDisplayMessage" : false,
    "hasContent" : false
  } ],
  "labels" : [ {
    "name" : "package",
    "value" : "org.mytests.tests.example.DataTableTests"
  }, {
    "name" : "testClass",
    "value" : "org.mytests.tests.example.DataTableTests"
  }, {
    "name" : "testMethod",
    "value" : "dataColumnTestIndex"
  }, {
    "name" : "parentSuite",
    "value" : "Test suite"
  }, {
    "name" : "suite",
    "value" : "Tests"
  }, {
    "name" : "subSuite",
    "value" : "org.mytests.tests.example.DataTableTests"
  }, {
    "name" : "host",
    "value" : "fv-az72-646"
  }, {
    "name" : "thread",
    "value" : "4233@fv-az72-646.TestNG-test=Tests-3(64)"
  }, {
    "name" : "framework",
    "value" : "testng"
  }, {
    "name" : "language",
    "value" : "java"
  }, {
    "name" : "resultFormat",
    "value" : "allure2"
  } ],
  "parameters" : [ ],
  "links" : [ ],
  "hidden" : false,
  "retry" : false,
  "extra" : {
    "severity" : "normal",
    "retries" : [ ],
    "categories" : [ ],
    "history" : {
      "statistic" : {
        "failed" : 0,
        "broken" : 0,
        "skipped" : 4,
        "passed" : 0,
        "unknown" : 0,
        "total" : 4
      },
      "items" : [ {
        "uid" : "63be62ea000a530a",
        "reportUrl" : "https://jdi-templates.github.io/jdi-light-saucelabs/1//#testresult/63be62ea000a530a",
        "status" : "skipped",
        "statusDetails" : "[03:56.727] Can't get WebDriver: firefox",
        "time" : {
          "start" : 1631005436991,
          "stop" : 1631005436992,
          "duration" : 1
        }
      }, {
        "uid" : "c618ec0b29fcfc0d",
        "reportUrl" : "https://jdi-templates.github.io/jdi-light-saucelabs/1//#testresult/c618ec0b29fcfc0d",
        "status" : "skipped",
        "statusDetails" : "[01:03.735] Can't get WebDriver: firefox",
        "time" : {
          "start" : 1631005264043,
          "stop" : 1631005264043,
          "duration" : 0
        }
      }, {
        "uid" : "8a6296af7b163767",
        "reportUrl" : "https://jdi-templates.github.io/jdi-light-saucelabs/1//#testresult/8a6296af7b163767",
        "status" : "skipped",
        "statusDetails" : "[58:11.134] Can't get WebDriver: firefox",
        "time" : {
          "start" : 1631005091383,
          "stop" : 1631005091383,
          "duration" : 0
        }
      } ]
    },
    "tags" : [ ]
  },
  "source" : "c91cd64cd296676f.json",
  "parameterValues" : [ ]
}